Arguments: 
  C:\Program Files\nodejs\node.exe C:\Users\Smiti\AppData\Roaming\npm\node_modules\yarn\bin\yarn.js add @react-navigation/stack @react-navigation/native

PATH: 
  C:\Users\Smiti\AppData\Roaming\npm;C:\Program Files\nodejs\;C:\Python39\Scripts\;C:\Python39\;C:\Windows\system32;C:\Windows;C:\Windows\System32\Wbem;C:\Windows\System32\WindowsPowerShell\v1.0\;C:\Android;C:\Windows\System32;C:\Program Files\Git\cmd;C:\Program Files\nodejs\;C:\ProgramData\chocolatey\bin;C:\Users\Smiti\anaconda3;C:\Users\Smiti\anaconda3\Library\mingw-w64\bin;C:\Users\Smiti\anaconda3\Library\usr\bin;C:\Users\Smiti\anaconda3\Library\bin;C:\Users\Smiti\anaconda3\Scripts;C:\Users\Smiti\AppData\Local\Microsoft\WindowsApps;C:\Users\Smiti\AppData\Local\Programs\Microsoft VS Code\bin;C:\Users\Smiti\AppData\Roaming\npm;C:\Users\Smiti\AppData\Local\GitHubDesktop\bin

Yarn version: 
  1.22.10

Node version: 
  15.5.1

Platform: 
  win32 x64

Trace: 
  Error: https://registry.yarnpkg.com/core-js/-/core-js-2.6.12.tgz: ESOCKETTIMEDOUT
      at ClientRequest.<anonymous> (C:\Users\Smiti\AppData\Roaming\npm\node_modules\yarn\lib\cli.js:141289:19)
      at Object.onceWrapper (node:events:482:28)
      at ClientRequest.emit (node:events:376:20)
      at TLSSocket.emitRequestTimeout (node:_http_client:787:9)
      at Object.onceWrapper (node:events:482:28)
      at TLSSocket.emit (node:events:388:22)
      at TLSSocket.Socket._onTimeout (node:net:481:8)
      at listOnTimeout (node:internal/timers:556:17)
      at processTimers (node:internal/timers:499:7)

npm manifest: 
  {
    "main": "node_modules/expo/AppEntry.js",
    "scripts": {
      "start": "expo start",
      "android": "expo start --android",
      "ios": "expo start --ios",
      "web": "expo start --web",
      "eject": "expo eject"
    },
    "dependencies": {
      "expo": "~42.0.1",
      "expo-status-bar": "~1.0.4",
      "react": "16.13.1",
      "react-dom": "16.13.1",
      "react-native": "https://github.com/expo/react-native/archive/sdk-42.0.0.tar.gz",
      "react-native-web": "~0.13.12"
    },
    "devDependencies": {
      "@babel/core": "^7.9.0"
    },
    "private": true
  }

yarn manifest: 
  No manifest

Lockfile: 
  No lockfile
